Performing C SOURCE FILE Test CMAKE_HAVE_LIBC_PTHREAD failed with the following output:
Change Dir: /home/stepjam/catkin_ws/build/xarm_controller/CMakeFiles/CMakeTmp

Run Build Command(s):/usr/bin/make -f Makefile cmTC_10b9d/fast && /usr/bin/make  -f CMakeFiles/cmTC_10b9d.dir/build.make CMakeFiles/cmTC_10b9d.dir/build
make[1]: Entering directory '/home/stepjam/catkin_ws/build/xarm_controller/CMakeFiles/CMakeTmp'
Building C object CMakeFiles/cmTC_10b9d.dir/src.c.o
/usr/bin/cc -DCMAKE_HAVE_LIBC_PTHREAD   -o CMakeFiles/cmTC_10b9d.dir/src.c.o -c /home/stepjam/catkin_ws/build/xarm_controller/CMakeFiles/CMakeTmp/src.c
Linking C executable cmTC_10b9d
/usr/bin/cmake -E cmake_link_script CMakeFiles/cmTC_10b9d.dir/link.txt --verbose=1
/usr/bin/cc -rdynamic CMakeFiles/cmTC_10b9d.dir/src.c.o -o cmTC_10b9d 
CMakeFiles/cmTC_10b9d.dir/src.c.o: In function `main':
src.c:(.text+0x3c): undefined reference to `pthread_create'
src.c:(.text+0x48): undefined reference to `pthread_detach'
src.c:(.text+0x54): undefined reference to `pthread_cancel'
src.c:(.text+0x65): undefined reference to `pthread_join'
src.c:(.text+0x79): undefined reference to `pthread_atfork'
collect2: error: ld returned 1 exit status
CMakeFiles/cmTC_10b9d.dir/build.make:98: recipe for target 'cmTC_10b9d' failed
make[1]: *** [cmTC_10b9d] Error 1
make[1]: Leaving directory '/home/stepjam/catkin_ws/build/xarm_controller/CMakeFiles/CMakeTmp'
Makefile:127: recipe for target 'cmTC_10b9d/fast' failed
make: *** [cmTC_10b9d/fast] Error 2


Source file was:
#include <pthread.h>

static void* test_func(void* data)
{
  return data;
}

int main(void)
{
  pthread_t thread;
  pthread_create(&thread, NULL, test_func, NULL);
  pthread_detach(thread);
  pthread_cancel(thread);
  pthread_join(thread, NULL);
  pthread_atfork(NULL, NULL, NULL);
  pthread_exit(NULL);

  return 0;
}

Determining if the function pthread_create exists in the pthreads failed with the following output:
Change Dir: /home/stepjam/catkin_ws/build/xarm_controller/CMakeFiles/CMakeTmp

Run Build Command(s):/usr/bin/make -f Makefile cmTC_9f347/fast && /usr/bin/make  -f CMakeFiles/cmTC_9f347.dir/build.make CMakeFiles/cmTC_9f347.dir/build
make[1]: Entering directory '/home/stepjam/catkin_ws/build/xarm_controller/CMakeFiles/CMakeTmp'
Building C object CMakeFiles/cmTC_9f347.dir/CheckFunctionExists.c.o
/usr/bin/cc   -DCHECK_FUNCTION_EXISTS=pthread_create -o CMakeFiles/cmTC_9f347.dir/CheckFunctionExists.c.o -c /usr/share/cmake-3.20/Modules/CheckFunctionExists.c
Linking C executable cmTC_9f347
/usr/bin/cmake -E cmake_link_script CMakeFiles/cmTC_9f347.dir/link.txt --verbose=1
/usr/bin/cc  -DCHECK_FUNCTION_EXISTS=pthread_create -rdynamic CMakeFiles/cmTC_9f347.dir/CheckFunctionExists.c.o -o cmTC_9f347  -lpthreads 
/usr/bin/ld: cannot find -lpthreads
collect2: error: ld returned 1 exit status
CMakeFiles/cmTC_9f347.dir/build.make:98: recipe for target 'cmTC_9f347' failed
make[1]: *** [cmTC_9f347] Error 1
make[1]: Leaving directory '/home/stepjam/catkin_ws/build/xarm_controller/CMakeFiles/CMakeTmp'
Makefile:127: recipe for target 'cmTC_9f347/fast' failed
make: *** [cmTC_9f347/fast] Error 2



